<?xml version="1.0" encoding="UTF-8"?>
<!-- Generated by org.testng.reporters.JUnitReportReporter -->
<testsuite hostname="Mds-MacBook-Pro.local" failures="0" tests="1" name="Qa.CucumberRunner.TestRunner" time="0.252" errors="0" timestamp="2021-02-27T01:36:58 EST" skipped="0">
  <testcase classname="Qa.CucumberRunner.TestRunner" name="runScenario" time="0.252"/>
  <system-out/>
</testsuite> <!-- Qa.CucumberRunner.TestRunner -->
